1 10 20
100 200 125
201 210 89
900 1000 174
4122 5694 236
3314 26 217
2208 60 182
1496 1640 167
8937 9567 260
6941 7325 257
2192 2238 183
6161 6616 262
2892 968 209
7673 4193 262
2214 568 182
1696 2587 209
4095 6783 262
759 6539 262
4107 2819 238
3450 9958 262
7287 657 262
3637 1748 217
612 2790 209
2555 6926 262
767 5911 238
6783 4868 262
7560 8533 252
3959 7075 262
9790 2117 262
391 2190 182
2332 8039 262
3220 64 217
646 6288 262
6106 9989 262
1602 4992 238
5116 2769 238
4474 3554 238
6494 1239 262
8779 5020 262
2627 3236 217
2534 7950 262
168 7747 262
6559 6908 244
8030 6100 262
9265 3824 262
1640 8488 262
9074 4995 262
8980 7506 252
5411 2843 238
7016 7515 239
6514 8800 257
2509 7742 262
535 2650 209
5632 5077 236
563 7977 262
2040 6633 262
783 5590 238
4419 7837 262
8827 8784 141
7911 2888 262
8992 3847 262
6079 8558 262
4066 9558 262
177 2515 209
9894 454 262
7495 8346 252
2030 6453 262
8845 7976 234
6936 3690 262
3354 8446 262
6163 3778 236
2779 4431 238
3195 2643 217
2213 2770 209
7617 4948 262
7155 2643 262
8763 3588 262
9237 864 262
6037 7065 262
7106 6941 257
5341 5728 236
3297 4191 238
7412 4156 262
4110 5881 236
6558 7748 257
5336 4461 210
5066 2164 238
9600 6492 260
4360 3427 238
5440 6108 236
5218 679 238
4836 4345 215
7328 4971 262
1463 7358 262
3679 2738 217
4696 7888 262
3089 1230 217
7219 3970 262
2422 7032 262
4329 9262 262
9346 2925 262
1758 8455 262
5575 2766 238
2611 6798 262
